<?xml version="1.0" encoding="UTF-8"?>
<testsuite name="cn.com.sinosafe.HaxbPartnerApplicationTest" time="5.191" tests="3" errors="0" skipped="0" failures="0">
  <properties>
    <property name="java.runtime.name" value="Java(TM) SE Runtime Environment"/>
    <property name="sun.boot.library.path" value="E:\lxqUseSoft\jdk\jdk1.8\jdk1.8.0\bin"/>
    <property name="java.vm.version" value="25.31-b07"/>
    <property name="java.vm.vendor" value="Oracle Corporation"/>
    <property name="maven.multiModuleProjectDirectory" value="F:\project\haxb_partner"/>
    <property name="java.vendor.url" value="http://java.oracle.com/"/>
    <property name="path.separator" value=";"/>
    <property name="guice.disable.misplaced.annotation.check" value="true"/>
    <property name="java.vm.name" value="Java HotSpot(TM) 64-Bit Server VM"/>
    <property name="file.encoding.pkg" value="sun.io"/>
    <property name="user.script" value=""/>
    <property name="user.country" value="CN"/>
    <property name="sun.java.launcher" value="SUN_STANDARD"/>
    <property name="sun.os.patch.level" value="Service Pack 1"/>
    <property name="java.vm.specification.name" value="Java Virtual Machine Specification"/>
    <property name="user.dir" value="F:\project\haxb_partner"/>
    <property name="java.runtime.version" value="1.8.0_31-b13"/>
    <property name="java.awt.graphicsenv" value="sun.awt.Win32GraphicsEnvironment"/>
    <property name="java.endorsed.dirs" value="E:\lxqUseSoft\jdk\jdk1.8\jdk1.8.0\lib\endorsed"/>
    <property name="os.arch" value="amd64"/>
    <property name="java.io.tmpdir" value="C:\Users\LONGXI~1\AppData\Local\Temp\"/>
    <property name="line.separator" value="&#10;"/>
    <property name="java.vm.specification.vendor" value="Oracle Corporation"/>
    <property name="user.variant" value=""/>
    <property name="os.name" value="Windows 7"/>
    <property name="classworlds.conf" value="D:\soft\Java\ecplise-jee-oxygen\workspace\.metadata\.plugins\org.eclipse.m2e.launching\launches\m2conf8544716699992135535.tmp"/>
    <property name="sun.jnu.encoding" value="GBK"/>
    <property name="java.library.path" value="E:\lxqUseSoft\jdk\jdk1.8\jdk1.8.0\bin;C:\windows\Sun\Java\bin;C:\windows\system32;C:\windows;E:/lxqUseSoft/jdk/jdk1.8/jdk1.8.0/jre/bin/server;E:/lxqUseSoft/jdk/jdk1.8/jdk1.8.0/jre/bin;E:/lxqUseSoft/jdk/jdk1.8/jdk1.8.0/jre/lib/amd64;C:\Program Files (x86)\Common Files\NetSarang;F:\oracle\product\10.2.0\client_1\bin;C:\windows\system32;C:\windows;C:\windows\System32\Wbem;C:\windows\System32\WindowsPowerShell\v1.0\;C:\Program Files (x86)\NVIDIA Corporation\PhysX\Common;%JAVA_HOME\bin;E:\lxqUseSoft\jdk\jdk1.8\jdk1.8.0\jre\bin;E:\lxqUseSoft\tomcat\tomcat1.7\lib;E:\lxqUseSoft\tomcat\tomcat1.7\bin;E:\lxqUseSoft\svn\client\bin;E:\lxqUseSoft\MySQL\mysql-8.0.13-winx64\bin;E:\lxqUseSoft\git工具\Git\cmd;E:\lxqUseSoft\eclipes\eclipse2\eclipse;;."/>
    <property name="java.specification.name" value="Java Platform API Specification"/>
    <property name="java.class.version" value="52.0"/>
    <property name="sun.management.compiler" value="HotSpot 64-Bit Tiered Compilers"/>
    <property name="os.version" value="6.1"/>
    <property name="user.home" value="C:\Users\longxiaoqiang"/>
    <property name="user.timezone" value="Asia/Shanghai"/>
    <property name="java.awt.printerjob" value="sun.awt.windows.WPrinterJob"/>
    <property name="java.specification.version" value="1.8"/>
    <property name="file.encoding" value="UTF-8"/>
    <property name="user.name" value="longxiaoqiang"/>
    <property name="java.class.path" value="E:\lxqUseSoft\eclipes\eclipse2\eclipse\plugins\org.eclipse.m2e.maven.runtime_1.8.2.20171007-0216\jars\plexus-classworlds-2.5.2.jar"/>
    <property name="java.vm.specification.version" value="1.8"/>
    <property name="sun.arch.data.model" value="64"/>
    <property name="java.home" value="E:\lxqUseSoft\jdk\jdk1.8\jdk1.8.0"/>
    <property name="sun.java.command" value="org.codehaus.plexus.classworlds.launcher.Launcher -B -gs E:\lxqUseSoft\maven\apache-maven-3.2.5\conf\settings.xml -s E:\lxqUseSoft\maven\apache-maven-3.2.5\conf\settings.xml install"/>
    <property name="java.specification.vendor" value="Oracle Corporation"/>
    <property name="user.language" value="zh"/>
    <property name="awt.toolkit" value="sun.awt.windows.WToolkit"/>
    <property name="java.vm.info" value="mixed mode"/>
    <property name="java.version" value="1.8.0_31"/>
    <property name="java.ext.dirs" value="E:\lxqUseSoft\jdk\jdk1.8\jdk1.8.0\lib\ext;C:\windows\Sun\Java\lib\ext"/>
    <property name="sun.boot.class.path" value="E:\lxqUseSoft\jdk\jdk1.8\jdk1.8.0\lib\resources.jar;E:\lxqUseSoft\jdk\jdk1.8\jdk1.8.0\lib\rt.jar;E:\lxqUseSoft\jdk\jdk1.8\jdk1.8.0\lib\sunrsasign.jar;E:\lxqUseSoft\jdk\jdk1.8\jdk1.8.0\lib\jsse.jar;E:\lxqUseSoft\jdk\jdk1.8\jdk1.8.0\lib\jce.jar;E:\lxqUseSoft\jdk\jdk1.8\jdk1.8.0\lib\charsets.jar;E:\lxqUseSoft\jdk\jdk1.8\jdk1.8.0\lib\jfr.jar;E:\lxqUseSoft\jdk\jdk1.8\jdk1.8.0\classes"/>
    <property name="java.vendor" value="Oracle Corporation"/>
    <property name="maven.home" value="F:\project\haxb_partner\EMBEDDED"/>
    <property name="file.separator" value="\"/>
    <property name="java.vendor.url.bug" value="http://bugreport.sun.com/bugreport/"/>
    <property name="sun.cpu.endian" value="little"/>
    <property name="sun.io.unicode.encoding" value="UnicodeLittle"/>
    <property name="sun.desktop" value="windows"/>
    <property name="sun.cpu.isalist" value="amd64"/>
  </properties>
  <testcase name="test" classname="cn.com.sinosafe.HaxbPartnerApplicationTest" time="0.073"/>
  <testcase name="contextLoads" classname="cn.com.sinosafe.HaxbPartnerApplicationTest" time="5.109"/>
  <testcase name="testMapper" classname="cn.com.sinosafe.HaxbPartnerApplicationTest" time="0.009"/>
</testsuite>